<?xml version="1.0" encoding="UTF-8"?>
<testsuite xmlns:xsi="http://www.w3.org/2001/XMLSchema-instance" xsi:schemaLocation="https://maven.apache.org/surefire/maven-surefire-plugin/xsd/surefire-test-report.xsd" name="com.redhat.surbanasap.RouteTest" time="2.503" tests="1" errors="1" skipped="0" failures="0">
  <properties>
[...]
</properties>
  <testcase name="testRoute" classname="com.redhat.surbanasap.RouteTest" time="2.452">
    <error message="InputStream cannot be null" type="java.lang.RuntimeException">java.lang.RuntimeException: InputStream cannot be null
Caused by: java.lang.IllegalArgumentException: InputStream cannot be null
</error>
    <system-out><![CDATA[[                          main] CamelBlueprintHelper           INFO  Using Blueprint XML file: /Users/waynetoh/workspaceSurbana8/surbanasap/target/classes/OSGI-INF/blueprint/blueprint.xml
[                      Thread-0] RawBuilder                     INFO  Copy thread finished.
[                          main] Activator                      INFO  Camel activator starting
[                          main] Activator                      INFO  Camel activator started
[         Blueprint Extender: 1] BlueprintContainerImpl         INFO  Bundle surbanasap/0.0.1.SNAPSHOT is waiting for namespace handlers [http://cxf.apache.org/blueprint/core, http://camel.apache.org/schema/blueprint]
[         Blueprint Extender: 2] BlueprintContainerImpl         INFO  Bundle surbanasap/0.0.1.SNAPSHOT is waiting for namespace handlers [http://cxf.apache.org/blueprint/core]
Unable to start bundle: org.fusesource.camel-sap [30]
[         Blueprint Extender: 1] BlueprintContainerImpl         INFO  Bundle RouteTest/1.0.0 is waiting for namespace handlers [http://cxf.apache.org/blueprint/core]
[                          main] RouteTest                      INFO  ********************************************************************************
[                          main] RouteTest                      INFO  Testing done: testRoute(com.redhat.surbanasap.RouteTest)
[                          main] RouteTest                      INFO  Took: 2.447 seconds (2447 millis)
[                          main] RouteTest                      INFO  ********************************************************************************
[                          main] CamelBlueprintHelper           INFO  Deleting work directory target/bundles/1450145097275
]]></system-out>
    <system-err><![CDATA[org.osgi.framework.BundleException: Unable to start bundle
	at org.apache.felix.connect.PojoSRBundle.start(PojoSRBundle.java:163)
	at org.apache.felix.connect.PojoSR.startBundles(PojoSR.java:304)
	at org.apache.felix.connect.PojoSR.<init>(PojoSR.java:248)
	at org.apache.felix.connect.PojoSR.<init>(PojoSR.java:129)
	at org.apache.felix.connect.PojoServiceRegistryFactoryImpl.newPojoServiceRegistry(PojoServiceRegistryFactoryImpl.java:52)
	at org.apache.camel.test.blueprint.CamelBlueprintHelper.createBundleContext(CamelBlueprintHelper.java:143)
	at org.apache.camel.test.blueprint.CamelBlueprintHelper.createBundleContext(CamelBlueprintHelper.java:108)
	at org.apache.camel.test.blueprint.CamelBlueprintTestSupport.createBundleContext(CamelBlueprintTestSupport.java:94)
	at org.apache.camel.test.blueprint.CamelBlueprintTestSupport.setUp(CamelBlueprintTestSupport.java:199)
	at sun.reflect.NativeMethodAccessorImpl.invoke0(Native Method)
	at sun.reflect.NativeMethodAccessorImpl.invoke(NativeMethodAccessorImpl.java:57)
	at sun.reflect.DelegatingMethodAccessorImpl.invoke(DelegatingMethodAccessorImpl.java:43)
	at java.lang.reflect.Method.invoke(Method.java:606)
	at org.junit.runners.model.FrameworkMethod$1.runReflectiveCall(FrameworkMethod.java:47)
	at org.junit.internal.runners.model.ReflectiveCallable.run(ReflectiveCallable.java:12)
	at org.junit.runners.model.FrameworkMethod.invokeExplosively(FrameworkMethod.java:44)
	at org.junit.internal.runners.statements.RunBefores.evaluate(RunBefores.java:24)
	at org.junit.internal.runners.statements.RunAfters.evaluate(RunAfters.java:27)
	at org.junit.rules.TestWatcher$1.evaluate(TestWatcher.java:55)
	at org.junit.rules.RunRules.evaluate(RunRules.java:20)
	at org.junit.runners.ParentRunner.runLeaf(ParentRunner.java:271)
	at org.junit.runners.BlockJUnit4ClassRunner.runChild(BlockJUnit4ClassRunner.java:70)
	at org.junit.runners.BlockJUnit4ClassRunner.runChild(BlockJUnit4ClassRunner.java:50)
	at org.junit.runners.ParentRunner$3.run(ParentRunner.java:238)
	at org.junit.runners.ParentRunner$1.schedule(ParentRunner.java:63)
	at org.junit.runners.ParentRunner.runChildren(ParentRunner.java:236)
	at org.junit.runners.ParentRunner.access$000(ParentRunner.java:53)
	at org.junit.runners.ParentRunner$2.evaluate(ParentRunner.java:229)
	at org.junit.internal.runners.statements.RunAfters.evaluate(RunAfters.java:27)
	at org.junit.runners.ParentRunner.run(ParentRunner.java:309)
	at org.apache.maven.surefire.junit4.JUnit4Provider.execute(JUnit4Provider.java:344)
	at org.apache.maven.surefire.junit4.JUnit4Provider.executeWithRerun(JUnit4Provider.java:269)
	at org.apache.maven.surefire.junit4.JUnit4Provider.executeTestSet(JUnit4Provider.java:240)
	at org.apache.maven.surefire.junit4.JUnit4Provider.invoke(JUnit4Provider.java:184)
	at org.apache.maven.surefire.booter.ForkedBooter.invokeProviderInSameClassLoader(ForkedBooter.java:286)
	at org.apache.maven.surefire.booter.ForkedBooter.runSuitesInProcess(ForkedBooter.java:240)
	at org.apache.maven.surefire.booter.ForkedBooter.main(ForkedBooter.java:121)
Caused by: java.lang.NoClassDefFoundError: com/sap/conn/jco/ext/DestinationDataProvider
	at java.lang.Class.getDeclaredConstructors0(Native Method)
	at java.lang.Class.privateGetDeclaredConstructors(Class.java:2532)
	at java.lang.Class.getConstructor0(Class.java:2842)
	at java.lang.Class.newInstance(Class.java:345)
	at org.apache.felix.connect.PojoSRBundle.start(PojoSRBundle.java:152)
	... 36 more
Caused by: java.lang.ClassNotFoundException: com.sap.conn.jco.ext.DestinationDataProvider
	at java.net.URLClassLoader$1.run(URLClassLoader.java:366)
	at java.net.URLClassLoader$1.run(URLClassLoader.java:355)
	at java.security.AccessController.doPrivileged(Native Method)
	at java.net.URLClassLoader.findClass(URLClassLoader.java:354)
	at java.lang.ClassLoader.loadClass(ClassLoader.java:425)
	at sun.misc.Launcher$AppClassLoader.loadClass(Launcher.java:308)
	at java.lang.ClassLoader.loadClass(ClassLoader.java:358)
	... 41 more
]]></system-err>
  </testcase>
</testsuite>